<?xml version="1.0" encoding="UTF-8"?>
<!-- Generated by org.testng.reporters.JUnitXMLReporter -->
<testsuite ignored="3" hostname="LAPTOP-9CFRMLT4" failures="0" tests="1" name="Parameter1" time="0.061" errors="0" timestamp="2025-02-04T19:51:24 IST">
  <testcase classname="testscriptclass.Base1" name="@BeforeMethod beforeMethod" time="-1.738678884008E9">
    <failure type="org.testng.TestNGException" message="
Parameter &amp;apos;browzer&amp;apos; is required by BeforeMethod on method beforeMethod but has not been marked @Optional or defined
in C:\Users\GREESHMA GB\eclipse-workspace\7RMartSuperMarket\testing.xml">
      <![CDATA[org.testng.TestNGException: 
Parameter 'browzer' is required by BeforeMethod on method beforeMethod but has not been marked @Optional or defined
in C:\Users\GREESHMA GB\eclipse-workspace\7RMartSuperMarket\testing.xml
at java.base/java.util.ArrayList.forEach(ArrayList.java:1511)
... Removed 28 stack frames]]>
    </failure>
  </testcase> <!-- @BeforeMethod beforeMethod -->
  <testcase classname="testscriptclass.Base1" name="@AfterMethod afterMethod" time="0.0">
    <skipped/>
  </testcase> <!-- @AfterMethod afterMethod -->
  <testcase classname="testscriptclass.LoginTest1" name="verifyInvalidUsernameAndCorrectPassword" time="0.0">
    <skipped/>
  </testcase> <!-- verifyInvalidUsernameAndCorrectPassword -->
  <testcase classname="testscriptclass.LoginTest1" name="verifyCorrectUsernameAndInvalidPassword" time="0.0">
    <ignored/>
  </testcase> <!-- verifyCorrectUsernameAndInvalidPassword -->
  <testcase classname="testscriptclass.LoginTest1" name="verify_valid_credentials" time="0.0">
    <ignored/>
  </testcase> <!-- verify_valid_credentials -->
  <testcase classname="testscriptclass.LoginTest1" name="verifyInvalidUsernameAndPassword" time="0.0">
    <ignored/>
  </testcase> <!-- verifyInvalidUsernameAndPassword -->
</testsuite> <!-- Parameter1 -->
