<?xml version="1.0" encoding="UTF-8"?>
<!-- Generated by org.testng.reporters.JUnitReportReporter -->
<testsuite hostname="LAPTOP-9CFRMLT4" failures="0" tests="4" name="testscriptclass.AdminUsersTest" time="22.350" errors="1" timestamp="2025-02-04T19:52:09 IST" skipped="2">
  <testcase classname="testscriptclass.AdminUsersTest" name="save_admin_users" time="5.845">
    <skipped/>
  </testcase> <!-- save_admin_users -->
  <testcase classname="testscriptclass.AdminUsersTest" name="search_admin_users" time="8.514"/>
  <testcase classname="testscriptclass.AdminUsersTest" name="save_admin_users" time="3.688">
    <skipped/>
  </testcase> <!-- save_admin_users -->
  <testcase classname="testscriptclass.AdminUsersTest" name="save_admin_users" time="4.303">
    <error message="Cannot invoke &quot;utilities.FakerUtility.getFakeFirstName()&quot; because &quot;this.faker&quot; is null" type="java.lang.NullPointerException">
      <![CDATA[java.lang.NullPointerException: Cannot invoke "utilities.FakerUtility.getFakeFirstName()" because "this.faker" is null
at testscriptclass.AdminUsersTest.save_admin_users(AdminUsersTest.java:23)
at java.base/jdk.internal.reflect.NativeMethodAccessorImpl.invoke0(Native Method)
at java.base/jdk.internal.reflect.NativeMethodAccessorImpl.invoke(NativeMethodAccessorImpl.java:77)
at java.base/jdk.internal.reflect.DelegatingMethodAccessorImpl.invoke(DelegatingMethodAccessorImpl.java:43)
at java.base/java.lang.reflect.Method.invoke(Method.java:568)
at org.testng.internal.invokers.MethodInvocationHelper.invokeMethod(MethodInvocationHelper.java:139)
at org.testng.internal.invokers.TestInvoker.invokeMethod(TestInvoker.java:664)
at org.testng.internal.invokers.TestInvoker.retryFailed(TestInvoker.java:248)
at org.testng.internal.invokers.MethodRunner.runInSequence(MethodRunner.java:62)
at org.testng.internal.invokers.TestInvoker$MethodInvocationAgent.invoke(TestInvoker.java:957)
at org.testng.internal.invokers.TestInvoker.invokeTestMethods(TestInvoker.java:200)
at org.testng.internal.invokers.TestMethodWorker.invokeTestMethods(TestMethodWorker.java:148)
at org.testng.internal.invokers.TestMethodWorker.run(TestMethodWorker.java:128)
at java.base/java.util.concurrent.ThreadPoolExecutor.runWorker(ThreadPoolExecutor.java:1136)
at java.base/java.util.concurrent.ThreadPoolExecutor$Worker.run(ThreadPoolExecutor.java:635)
at java.base/java.lang.Thread.run(Thread.java:833)
]]>
    </error>
  </testcase> <!-- save_admin_users -->
</testsuite> <!-- testscriptclass.AdminUsersTest -->
